<?xml version="1.0" encoding="UTF-8"?>
<!-- Generated by org.testng.reporters.JUnitReportReporter -->
<testsuite skipped="2" hostname="EPINPUNW0033" name="com.epam.selenium.DropDown" tests="3" failures="0" timestamp="10 Jul 2019 07:21:42 GMT" time="5.542" errors="0">
  <testcase name="select" time="5.542" classname="com.epam.selenium.DropDown"/>
  <testcase name="jsExecutor" classname="com.epam.selenium.DropDown">
    <skipped/>
  </testcase> <!-- jsExecutor -->
  <testcase name="actions" classname="com.epam.selenium.DropDown">
    <skipped/>
  </testcase> <!-- actions -->
</testsuite> <!-- com.epam.selenium.DropDown -->
