<?xml version="1.0" encoding="UTF-8"?>
<!-- Generated by org.testng.reporters.JUnitReportReporter -->
<testsuite skipped="0" hostname="EPINPUNW0033" name="com.epam.selenium.JSExecutor" tests="1" failures="0" timestamp="09 Jul 2019 10:12:45 GMT" time="5.394" errors="0">
  <testcase name="fluentWait" time="5.394" classname="com.epam.selenium.JSExecutor"/>
</testsuite> <!-- com.epam.selenium.JSExecutor -->
