<?xml version="1.0" encoding="UTF-8"?>
<!-- Generated by org.testng.reporters.JUnitReportReporter -->
<testsuite skipped="0" hostname="EPINPUNW0033" name="com.epam.selenium.NewTest" tests="2" failures="0" timestamp="10 Jul 2019 06:23:13 GMT" time="0.009" errors="0">
  <testcase name="test2" time="0.001" classname="com.epam.selenium.NewTest"/>
  <testcase name="test" time="0.008" classname="com.epam.selenium.NewTest"/>
</testsuite> <!-- com.epam.selenium.NewTest -->
