<?xml version="1.0" encoding="UTF-8"?>
<!-- Generated by org.testng.reporters.JUnitReportReporter -->
<testsuite skipped="0" hostname="EPINPUNW0033" name="com.epam.selenium.DownloadFolder" tests="1" failures="0" timestamp="10 Jul 2019 10:37:51 GMT" time="8.429" errors="0">
  <testcase name="setCapability" time="8.429" classname="com.epam.selenium.DownloadFolder"/>
</testsuite> <!-- com.epam.selenium.DownloadFolder -->
