<?xml version="1.0" encoding="UTF-8"?>
<!-- Generated by org.testng.reporters.JUnitReportReporter -->
<testsuite skipped="0" hostname="EPINPUNW0033" name="com.epam.selenium.listeners.Hookable" tests="2" failures="0" timestamp="10 Jul 2019 13:02:34 GMT" time="0.007" errors="0">
  <testcase name="printUser" time="0.001" classname="com.epam.selenium.listeners.Hookable"/>
  <testcase name="printUser" time="0.006" classname="com.epam.selenium.listeners.Hookable"/>
</testsuite> <!-- com.epam.selenium.listeners.Hookable -->
