<?xml version="1.0" encoding="UTF-8"?>
<!-- Generated by org.testng.reporters.JUnitReportReporter -->
<testsuite skipped="0" hostname="EPINPUNW0033" name="com.epam.selenium.RobotClass" tests="1" failures="0" timestamp="10 Jul 2019 10:48:50 GMT" time="4.144" errors="0">
  <testcase name="f" time="4.144" classname="com.epam.selenium.RobotClass"/>
</testsuite> <!-- com.epam.selenium.RobotClass -->
