<?xml version="1.0" encoding="UTF-8"?>
<!-- Generated by org.testng.reporters.JUnitReportReporter -->
<testsuite skipped="0" hostname="EPINPUNW0033" name="com.epam.selenium.InsertText" tests="2" failures="0" timestamp="09 Jul 2019 10:34:58 GMT" time="3.859" errors="0">
  <testcase name="insertThroughJS" time="0.671" classname="com.epam.selenium.InsertText"/>
  <testcase name="insertThroughActions" time="3.188" classname="com.epam.selenium.InsertText"/>
</testsuite> <!-- com.epam.selenium.InsertText -->
