<?xml version="1.0" encoding="UTF-8"?>
<!-- Generated by org.testng.reporters.JUnitReportReporter -->
<testsuite skipped="0" hostname="EPINPUNW0033" name="com.epam.selenium.ScreenShot" tests="1" failures="0" timestamp="10 Jul 2019 05:41:34 GMT" time="4.169" errors="0">
  <testcase name="takeScreenShot" time="4.169" classname="com.epam.selenium.ScreenShot"/>
</testsuite> <!-- com.epam.selenium.ScreenShot -->
